This file contains any messages produced by compilers while
running configure, to aid debugging if configure makes a mistake.

It was created by clann configure 3.1.3, which was
generated by GNU Autoconf 2.59.  Invocation command line was

  $ ./configure 

## --------- ##
## Platform. ##
## --------- ##

hostname = Darwin
uname -m = x86_64
uname -r = 2.6.24-19-generic
uname -s = Linux
uname -v = #1 SMP Fri Jul 11 21:01:46 UTC 2008

/usr/bin/uname -p = unknown
/bin/uname -X     = unknown

/bin/arch              = unknown
/usr/bin/arch -k       = unknown
/usr/convex/getsysinfo = unknown
hostinfo               = unknown
/bin/machine           = unknown
/usr/bin/oslevel       = unknown
/bin/universe          = unknown

PATH: /home/chris/bin
PATH: /usr/local/sbin
PATH: /usr/local/bin
PATH: /usr/sbin
PATH: /usr/bin
PATH: /sbin
PATH: /bin
PATH: /usr/games


## ----------- ##
## Core tests. ##
## ----------- ##

configure:1310: checking for a BSD-compatible install
configure:1365: result: /usr/bin/install -c
configure:1376: checking whether build environment is sane
configure:1419: result: yes
configure:1452: checking for gawk
configure:1481: result: no
configure:1452: checking for mawk
configure:1468: found /usr/bin/mawk
configure:1478: result: mawk
configure:1488: checking whether make sets $(MAKE)
configure:1508: result: yes
configure:1683: checking for style of include used by make
configure:1711: result: GNU
configure:1782: checking for gcc
configure:1798: found /usr/bin/gcc
configure:1808: result: gcc
configure:2052: checking for C compiler version
configure:2055: gcc --version </dev/null >&5
gcc (GCC) 4.2.3 (Ubuntu 4.2.3-2ubuntu7)
Copyright (C) 2007 Free Software Foundation, Inc.
This is free software; see the source for copying conditions.  There is NO
warranty; not even for MERCHANTABILITY or FITNESS FOR A PARTICULAR PURPOSE.

configure:2058: $? = 0
configure:2060: gcc -v </dev/null >&5
Using built-in specs.
Target: x86_64-linux-gnu
Configured with: ../src/configure -v --enable-languages=c,c++,fortran,objc,obj-c++,treelang --prefix=/usr --enable-shared --with-system-zlib --libexecdir=/usr/lib --without-included-gettext --enable-threads=posix --enable-nls --with-gxx-include-dir=/usr/include/c++/4.2 --program-suffix=-4.2 --enable-clocale=gnu --enable-libstdcxx-debug --enable-objc-gc --enable-mpfr --enable-checking=release --build=x86_64-linux-gnu --host=x86_64-linux-gnu --target=x86_64-linux-gnu
Thread model: posix
gcc version 4.2.3 (Ubuntu 4.2.3-2ubuntu7)
configure:2063: $? = 0
configure:2065: gcc -V </dev/null >&5
gcc: '-V' option must have argument
configure:2068: $? = 1
configure:2091: checking for C compiler default output file name
configure:2094: gcc    conftest.c  >&5
configure:2097: $? = 0
configure:2143: result: a.out
configure:2148: checking whether the C compiler works
configure:2154: ./a.out
configure:2157: $? = 0
configure:2174: result: yes
configure:2181: checking whether we are cross compiling
configure:2183: result: no
configure:2186: checking for suffix of executables
configure:2188: gcc -o conftest    conftest.c  >&5
configure:2191: $? = 0
configure:2216: result: 
configure:2222: checking for suffix of object files
configure:2243: gcc -c   conftest.c >&5
configure:2246: $? = 0
configure:2268: result: o
configure:2272: checking whether we are using the GNU C compiler
configure:2296: gcc -c   conftest.c >&5
configure:2302: $? = 0
configure:2306: test -z 
			 || test ! -s conftest.err
configure:2309: $? = 0
configure:2312: test -s conftest.o
configure:2315: $? = 0
configure:2328: result: yes
configure:2334: checking whether gcc accepts -g
configure:2355: gcc -c -g  conftest.c >&5
configure:2361: $? = 0
configure:2365: test -z 
			 || test ! -s conftest.err
configure:2368: $? = 0
configure:2371: test -s conftest.o
configure:2374: $? = 0
configure:2385: result: yes
configure:2402: checking for gcc option to accept ANSI C
configure:2472: gcc  -c -g -O2  conftest.c >&5
configure:2478: $? = 0
configure:2482: test -z 
			 || test ! -s conftest.err
configure:2485: $? = 0
configure:2488: test -s conftest.o
configure:2491: $? = 0
configure:2509: result: none needed
configure:2527: gcc -c -g -O2  conftest.c >&5
conftest.c:2: error: expected '=', ',', ';', 'asm' or '__attribute__' before 'me'
configure:2533: $? = 1
configure: failed program was:
| #ifndef __cplusplus
|   choke me
| #endif
configure:2668: checking dependency style of gcc
configure:2730: result: gcc3
configure:2736: checking for readline in -lreadline
configure:2766: gcc -o conftest -g -O2   conftest.c -lreadline   >&5
/usr/bin/ld: cannot find -lreadline
collect2: ld returned 1 exit status
configure:2772: $? = 1
configure: failed program was:
| /* confdefs.h.  */
| 
| #define PACKAGE_NAME "clann"
| #define PACKAGE_TARNAME "clann"
| #define PACKAGE_VERSION "3.1.3"
| #define PACKAGE_STRING "clann 3.1.3"
| #define PACKAGE_BUGREPORT "chris.creevey@gmail.com"
| #define PACKAGE "clann"
| #define VERSION "3.1.3"
| /* end confdefs.h.  */
| 
| /* Override any gcc2 internal prototype to avoid an error.  */
| #ifdef __cplusplus
| extern "C"
| #endif
| /* We use char because int might match the return type of a gcc2
|    builtin and then its argument prototype would still apply.  */
| char readline ();
| int
| main ()
| {
| readline ();
|   ;
|   return 0;
| }
configure:2798: result: no
configure:2864: checking for gcc
configure:2890: result: gcc
configure:3134: checking for C compiler version
configure:3137: gcc --version </dev/null >&5
gcc (GCC) 4.2.3 (Ubuntu 4.2.3-2ubuntu7)
Copyright (C) 2007 Free Software Foundation, Inc.
This is free software; see the source for copying conditions.  There is NO
warranty; not even for MERCHANTABILITY or FITNESS FOR A PARTICULAR PURPOSE.

configure:3140: $? = 0
configure:3142: gcc -v </dev/null >&5
Using built-in specs.
Target: x86_64-linux-gnu
Configured with: ../src/configure -v --enable-languages=c,c++,fortran,objc,obj-c++,treelang --prefix=/usr --enable-shared --with-system-zlib --libexecdir=/usr/lib --without-included-gettext --enable-threads=posix --enable-nls --with-gxx-include-dir=/usr/include/c++/4.2 --program-suffix=-4.2 --enable-clocale=gnu --enable-libstdcxx-debug --enable-objc-gc --enable-mpfr --enable-checking=release --build=x86_64-linux-gnu --host=x86_64-linux-gnu --target=x86_64-linux-gnu
Thread model: posix
gcc version 4.2.3 (Ubuntu 4.2.3-2ubuntu7)
configure:3145: $? = 0
configure:3147: gcc -V </dev/null >&5
gcc: '-V' option must have argument
configure:3150: $? = 1
configure:3153: checking whether we are using the GNU C compiler
configure:3209: result: yes
configure:3215: checking whether gcc accepts -g
configure:3266: result: yes
configure:3283: checking for gcc option to accept ANSI C
configure:3390: result: none needed
configure:3408: gcc -c -g -O2  conftest.c >&5
conftest.c:2: error: expected '=', ',', ';', 'asm' or '__attribute__' before 'me'
configure:3414: $? = 1
configure: failed program was:
| #ifndef __cplusplus
|   choke me
| #endif
configure:3549: checking dependency style of gcc
configure:3611: result: gcc3
configure:3721: creating ./config.status

## ---------------------- ##
## Running config.status. ##
## ---------------------- ##

This file was extended by clann config.status 3.1.3, which was
generated by GNU Autoconf 2.59.  Invocation command line was

  CONFIG_FILES    = 
  CONFIG_HEADERS  = 
  CONFIG_LINKS    = 
  CONFIG_COMMANDS = 
  $ ./config.status 

on Darwin

config.status:681: creating Makefile
config.status:785: creating config.h
config.status:871: config.h is unchanged
config.status:1035: executing depfiles commands

## ---------------- ##
## Cache variables. ##
## ---------------- ##

ac_cv_c_compiler_gnu=yes
ac_cv_env_CC_set=
ac_cv_env_CC_value=
ac_cv_env_CFLAGS_set=
ac_cv_env_CFLAGS_value=
ac_cv_env_CPPFLAGS_set=
ac_cv_env_CPPFLAGS_value=
ac_cv_env_LDFLAGS_set=
ac_cv_env_LDFLAGS_value=
ac_cv_env_build_alias_set=
ac_cv_env_build_alias_value=
ac_cv_env_host_alias_set=
ac_cv_env_host_alias_value=
ac_cv_env_target_alias_set=
ac_cv_env_target_alias_value=
ac_cv_exeext=
ac_cv_lib_readline_readline=no
ac_cv_objext=o
ac_cv_path_install='/usr/bin/install -c'
ac_cv_prog_AWK=mawk
ac_cv_prog_ac_ct_CC=gcc
ac_cv_prog_cc_g=yes
ac_cv_prog_cc_stdc=
ac_cv_prog_make_make_set=yes
am_cv_CC_dependencies_compiler_type=gcc3

## ----------------- ##
## Output variables. ##
## ----------------- ##

ACLOCAL='${SHELL} /home/chris/Programming/clann-3.1.4-linux/missing --run aclocal-1.6'
AMDEPBACKSLASH='\'
AMDEP_FALSE='#'
AMDEP_TRUE=''
AMTAR='${SHELL} /home/chris/Programming/clann-3.1.4-linux/missing --run tar'
AUTOCONF='${SHELL} /home/chris/Programming/clann-3.1.4-linux/missing --run autoconf'
AUTOHEADER='${SHELL} /home/chris/Programming/clann-3.1.4-linux/missing --run autoheader'
AUTOMAKE='${SHELL} /home/chris/Programming/clann-3.1.4-linux/missing --run automake-1.6'
AWK='mawk'
CC='gcc'
CCDEPMODE='depmode=gcc3'
CFLAGS='-g -O2'
CPPFLAGS=''
DEFS='-DHAVE_CONFIG_H'
DEPDIR='.deps'
ECHO_C=''
ECHO_N='-n'
ECHO_T=''
EXEEXT=''
INSTALL_DATA='${INSTALL} -m 644'
INSTALL_PROGRAM='${INSTALL}'
INSTALL_SCRIPT='${INSTALL}'
INSTALL_STRIP_PROGRAM='${SHELL} $(install_sh) -c -s'
LDFLAGS=''
LIBOBJS=''
LIBREADLINE=''
LIBS=''
LTLIBOBJS=''
MAKEINFO='${SHELL} /home/chris/Programming/clann-3.1.4-linux/missing --run makeinfo'
OBJEXT='o'
PACKAGE='clann'
PACKAGE_BUGREPORT='chris.creevey@gmail.com'
PACKAGE_NAME='clann'
PACKAGE_STRING='clann 3.1.3'
PACKAGE_TARNAME='clann'
PACKAGE_VERSION='3.1.3'
PATH_SEPARATOR=':'
SET_MAKE=''
SHELL='/bin/bash'
STRIP=''
VERSION='3.1.3'
ac_ct_CC='gcc'
ac_ct_STRIP=''
am__include='include'
am__quote=''
bindir='${exec_prefix}/bin'
build_alias=''
datadir='${prefix}/share'
exec_prefix='${prefix}'
host_alias=''
includedir='${prefix}/include'
infodir='${prefix}/info'
install_sh='/home/chris/Programming/clann-3.1.4-linux/install-sh'
libdir='${exec_prefix}/lib'
libexecdir='${exec_prefix}/libexec'
localstatedir='${prefix}/var'
mandir='${prefix}/man'
oldincludedir='/usr/include'
prefix='/usr/local'
program_transform_name='s,x,x,'
sbindir='${exec_prefix}/sbin'
sharedstatedir='${prefix}/com'
sysconfdir='${prefix}/etc'
target_alias=''

## ----------- ##
## confdefs.h. ##
## ----------- ##

#define PACKAGE "clann"
#define PACKAGE_BUGREPORT "chris.creevey@gmail.com"
#define PACKAGE_NAME "clann"
#define PACKAGE_STRING "clann 3.1.3"
#define PACKAGE_TARNAME "clann"
#define PACKAGE_VERSION "3.1.3"
#define VERSION "3.1.3"

configure: exit 0
